SF:lib/models/review_model.dart
DA:13,2
DA:24,2
DA:26,4
DA:29,5
DA:31,2
DA:32,2
DA:33,8
DA:34,3
DA:36,8
DA:37,2
DA:39,4
DA:41,4
DA:42,4
DA:43,2
DA:45,1
DA:46,0
DA:47,2
DA:52,1
DA:53,1
DA:54,2
DA:55,2
DA:56,5
DA:60,1
DA:61,3
LF:24
LH:23
end_of_record
SF:lib/models/user_model.dart
DA:7,10
DA:14,4
DA:15,8
DA:17,4
DA:18,5
DA:19,4
DA:20,4
DA:21,4
DA:24,0
DA:25,0
DA:30,6
DA:31,3
DA:32,3
DA:33,3
DA:34,3
DA:38,2
LF:16
LH:14
end_of_record
SF:lib/models/item_model.dart
DA:19,10
DA:36,5
DA:39,5
DA:40,6
DA:43,5
DA:44,5
DA:45,5
DA:46,5
DA:47,5
DA:48,5
DA:49,5
DA:51,7
DA:52,5
DA:53,5
DA:54,5
DA:55,5
DA:56,5
DA:57,5
DA:61,3
DA:62,3
DA:63,3
DA:64,3
DA:65,3
DA:66,3
DA:67,3
DA:68,3
DA:69,3
DA:70,3
DA:71,3
DA:72,3
DA:73,3
DA:74,3
LF:32
LH:32
end_of_record
SF:lib/services/api_service.dart
DA:33,0
DA:35,0
DA:38,2
DA:40,4
DA:43,1
DA:45,2
DA:48,1
DA:50,2
DA:58,0
DA:60,0
DA:61,0
DA:62,0
DA:65,0
DA:67,0
DA:68,0
DA:69,0
DA:72,4
DA:74,4
DA:75,4
DA:76,2
DA:77,1
DA:80,1
DA:82,1
DA:83,1
DA:84,2
DA:85,1
DA:88,0
DA:90,0
DA:91,0
DA:92,0
DA:93,0
DA:94,0
DA:107,9
DA:114,1
DA:116,2
DA:118,1
DA:119,1
DA:120,3
DA:123,2
DA:124,2
DA:129,0
DA:130,0
DA:131,0
DA:132,0
DA:133,0
DA:134,0
DA:139,6
DA:140,12
DA:141,6
DA:143,3
DA:149,6
DA:150,3
DA:154,1
DA:155,1
DA:159,1
DA:165,1
DA:169,1
DA:170,2
DA:171,2
DA:172,2
DA:173,1
DA:174,3
DA:180,2
DA:181,4
DA:182,6
DA:183,2
DA:184,4
DA:187,6
DA:188,6
DA:189,6
DA:191,4
DA:193,2
DA:196,1
DA:200,1
DA:201,3
DA:205,2
DA:207,2
DA:209,1
DA:210,1
DA:212,2
DA:218,1
DA:220,1
DA:221,1
DA:222,1
DA:223,1
DA:224,1
DA:226,2
DA:227,1
DA:229,3
DA:231,1
DA:234,1
DA:236,2
DA:237,2
DA:240,2
DA:244,2
DA:245,4
DA:246,6
DA:247,2
DA:248,4
DA:255,6
DA:256,6
DA:257,6
DA:259,8
DA:260,2
DA:261,1
DA:265,2
DA:268,1
DA:272,1
DA:273,3
DA:277,2
DA:279,2
DA:281,1
DA:282,1
DA:284,2
DA:290,1
DA:292,1
DA:293,1
DA:294,1
DA:295,1
DA:296,1
DA:298,2
DA:299,1
DA:301,3
DA:303,0
DA:306,1
DA:308,2
DA:309,2
DA:312,2
DA:316,2
DA:318,2
DA:319,2
DA:320,3
DA:324,3
DA:325,3
DA:327,0
DA:329,2
DA:330,1
DA:335,1
DA:337,1
DA:339,1
DA:340,1
DA:341,1
DA:344,2
DA:345,2
DA:348,1
DA:351,1
DA:352,5
DA:353,2
DA:355,2
DA:356,2
DA:357,2
DA:358,1
DA:361,4
DA:362,2
DA:363,1
DA:366,3
DA:368,2
DA:369,2
DA:370,2
DA:374,2
DA:375,2
DA:376,2
DA:380,2
DA:381,3
DA:382,1
DA:383,1
DA:384,1
DA:386,3
DA:389,3
DA:391,1
DA:392,1
DA:393,2
DA:394,2
DA:395,1
DA:396,1
DA:397,1
DA:398,1
DA:399,1
DA:401,3
DA:404,2
DA:409,2
DA:410,2
DA:411,2
DA:412,3
DA:414,2
DA:420,3
DA:421,3
DA:423,2
DA:426,2
DA:428,1
DA:432,1
DA:437,2
DA:439,4
DA:442,4
DA:443,4
DA:445,4
DA:446,6
DA:447,2
DA:450,6
DA:451,6
DA:453,4
DA:454,4
DA:455,8
DA:456,6
DA:459,6
DA:460,2
DA:463,4
DA:468,1
DA:469,1
DA:470,2
DA:471,3
DA:475,3
DA:477,2
DA:479,3
DA:481,2
DA:482,2
DA:485,1
DA:490,1
DA:492,1
DA:494,1
DA:495,0
DA:496,0
DA:499,4
DA:501,1
DA:502,2
DA:505,2
DA:506,3
DA:510,3
DA:511,3
DA:512,3
DA:514,4
DA:515,1
DA:516,2
DA:517,1
DA:520,2
DA:521,1
DA:524,2
DA:525,3
DA:528,1
DA:529,1
DA:530,1
DA:534,1
DA:535,3
DA:538,2
DA:542,2
DA:543,3
DA:544,2
DA:548,1
DA:550,1
DA:552,1
DA:553,1
DA:556,1
DA:558,2
DA:559,3
DA:563,3
DA:564,3
DA:566,4
DA:567,2
DA:568,1
DA:571,2
DA:572,1
DA:575,2
DA:576,3
DA:578,1
DA:580,2
DA:586,1
DA:587,2
DA:589,2
DA:592,2
DA:593,1
DA:597,1
DA:598,2
DA:599,1
DA:601,1
DA:602,3
DA:603,2
DA:605,2
DA:606,2
DA:608,1
DA:609,2
DA:611,1
DA:612,1
DA:615,2
DA:616,2
DA:619,1
DA:622,2
DA:626,2
DA:629,4
DA:630,7
DA:631,4
DA:635,20
DA:637,2
DA:640,2
DA:644,4
DA:646,4
DA:647,6
DA:649,2
DA:652,6
DA:653,6
DA:655,4
DA:657,2
DA:658,4
DA:659,2
DA:662,4
DA:664,4
DA:665,2
DA:668,8
DA:669,1
DA:673,1
DA:677,1
DA:678,2
DA:679,3
DA:681,3
DA:684,3
DA:685,3
DA:687,4
DA:688,1
DA:692,1
DA:694,2
DA:695,3
DA:696,1
DA:699,3
DA:701,2
DA:702,4
DA:703,2
DA:704,1
DA:706,1
DA:709,2
DA:715,4
DA:716,4
DA:721,8
DA:726,2
DA:727,2
DA:728,6
DA:732,2
DA:733,1
DA:737,4
DA:741,4
DA:743,8
DA:744,3
DA:746,6
DA:747,1
DA:750,3
DA:752,6
DA:759,2
DA:765,2
DA:767,1
DA:768,1
DA:769,1
DA:770,2
DA:773,2
DA:775,2
DA:776,3
DA:778,1
DA:781,3
DA:782,3
DA:784,4
DA:785,2
DA:786,1
DA:789,2
DA:790,1
DA:795,4
DA:796,2
DA:797,1
DA:800,1
DA:802,2
DA:808,2
DA:810,2
DA:812,2
DA:813,3
DA:817,3
DA:818,3
DA:820,2
DA:821,2
DA:822,3
DA:825,1
DA:827,4
DA:828,1
DA:830,1
DA:831,3
DA:835,1
DA:836,1
DA:837,4
DA:838,1
DA:839,1
DA:840,4
DA:841,1
DA:842,1
DA:843,4
DA:844,1
DA:845,1
DA:846,4
DA:851,1
DA:854,1
DA:855,1
DA:857,0
DA:858,0
DA:864,0
DA:865,0
DA:868,2
DA:869,1
DA:872,1
DA:874,2
DA:880,1
DA:882,1
DA:884,2
DA:885,3
DA:889,2
DA:890,2
DA:891,1
DA:896,2
DA:902,1
DA:904,1
DA:906,2
DA:907,3
DA:911,2
DA:912,2
DA:913,2
DA:918,2
DA:924,1
DA:926,2
DA:928,2
DA:929,3
DA:930,1
DA:933,3
DA:934,3
DA:936,2
DA:937,2
DA:941,1
DA:943,1
DA:944,1
DA:948,2
DA:949,1
DA:952,3
DA:956,4
DA:957,3
DA:960,3
DA:961,1
DA:964,2
DA:965,3
DA:966,1
DA:978,21
DA:979,6
DA:980,6
DA:986,3
DA:991,3
DA:999,2
DA:1000,2
DA:1001,2
DA:1002,2
DA:1008,1
DA:1009,2
DA:1010,2
DA:1013,2
DA:1014,4
DA:1019,2
DA:1020,4
DA:1025,2
DA:1026,4
DA:1030,1
DA:1031,2
DA:1036,2
DA:1037,4
DA:1042,2
DA:1043,4
DA:1046,2
DA:1047,4
DA:1050,1
DA:1051,2
DA:1054,1
DA:1055,2
DA:1058,1
DA:1059,2
DA:1062,2
DA:1063,4
DA:1066,1
DA:1067,2
DA:1070,1
DA:1071,2
DA:1074,4
DA:1075,8
DA:1078,2
DA:1079,4
DA:1082,2
DA:1083,4
DA:1086,1
DA:1087,2
DA:1090,1
DA:1091,2
DA:1094,1
DA:1095,2
DA:1102,6
DA:1104,1
DA:1105,1
DA:1106,2
DA:1109,2
DA:1111,5
DA:1113,4
DA:1118,2
DA:1120,5
DA:1122,4
DA:1127,1
DA:1129,1
DA:1130,2
DA:1132,0
DA:1134,0
LF:506
LH:474
end_of_record
SF:lib/models/rental_model.dart
DA:14,6
DA:23,1
DA:25,1
DA:27,2
DA:30,2
DA:32,4
DA:35,2
DA:36,4
DA:40,2
DA:41,1
DA:42,1
DA:43,1
DA:44,1
DA:45,1
DA:48,2
DA:49,6
DA:53,2
DA:54,4
DA:55,1
DA:56,1
DA:57,1
DA:59,1
DA:60,1
DA:61,1
DA:62,1
DA:64,1
DA:68,2
DA:69,9
DA:72,4
DA:73,4
DA:75,2
DA:76,2
DA:78,2
DA:79,2
DA:82,2
DA:83,2
DA:88,2
DA:89,2
DA:90,3
DA:91,3
DA:92,3
DA:93,3
DA:94,4
DA:95,2
DA:96,2
DA:100,3
DA:101,6
LF:47
LH:47
end_of_record
SF:lib/pages/location_selection_page.dart
DA:28,1
DA:30,1
DA:32,1
DA:34,1
DA:35,1
DA:37,1
DA:40,1
DA:41,1
DA:42,1
DA:43,1
DA:44,1
DA:45,1
DA:46,1
DA:47,1
DA:48,1
DA:50,1
DA:56,1
DA:57,1
DA:59,1
DA:61,1
DA:62,1
DA:63,1
DA:64,2
DA:65,1
DA:66,2
DA:67,1
DA:68,1
DA:69,1
DA:71,0
DA:72,0
DA:74,0
DA:76,0
DA:77,0
DA:79,0
DA:84,1
DA:86,1
DA:87,1
DA:88,1
DA:89,1
DA:90,1
DA:91,2
DA:95,1
DA:96,1
DA:97,1
DA:100,1
DA:101,2
DA:104,1
DA:108,1
DA:109,1
DA:110,1
DA:114,1
DA:115,1
DA:116,1
DA:117,1
DA:118,1
DA:125,1
LF:56
LH:50
end_of_record
SF:lib/widgets/snow_fall_widget.dart
DA:5,3
DA:7,3
DA:8,3
DA:18,3
DA:20,3
DA:23,6
DA:26,6
DA:27,12
DA:31,3
DA:33,0
DA:37,0
DA:40,0
DA:46,3
DA:50,12
DA:51,0
DA:57,3
DA:59,3
DA:60,3
DA:61,3
DA:64,3
DA:66,6
DA:67,0
DA:71,9
DA:74,3
DA:75,3
DA:80,3
DA:81,12
DA:88,0
DA:89,0
DA:90,0
DA:91,0
DA:92,0
DA:93,0
DA:96,0
DA:97,0
DA:112,3
DA:113,15
DA:114,15
DA:117,1
DA:118,3
DA:119,3
DA:121,3
DA:122,1
DA:123,5
DA:127,2
DA:128,2
DA:129,3
DA:130,1
DA:133,3
DA:134,5
DA:142,3
DA:144,3
DA:146,3
DA:147,6
DA:148,3
DA:150,6
DA:151,3
DA:152,21
DA:153,3
DA:159,2
LF:60
LH:47
end_of_record
SF:lib/pages/item_detail_page.dart
DA:10,1
DA:12,1
DA:13,1
DA:20,1
DA:22,1
DA:23,1
DA:26,1
DA:27,4
DA:29,3
DA:32,4
DA:33,0
DA:34,0
DA:35,0
DA:36,0
DA:40,0
DA:41,0
DA:42,0
DA:47,1
DA:49,1
DA:51,1
DA:52,1
DA:54,1
DA:56,1
DA:57,1
DA:58,1
DA:59,1
DA:60,1
DA:62,0
DA:63,2
DA:65,1
DA:66,1
DA:67,3
DA:68,1
DA:80,1
DA:81,1
DA:82,1
DA:84,1
DA:86,1
DA:88,1
DA:89,1
DA:90,1
DA:92,1
DA:94,1
DA:95,1
DA:99,1
DA:101,3
DA:102,1
DA:103,1
DA:104,1
DA:106,1
DA:107,3
DA:110,1
DA:116,1
DA:119,5
DA:120,1
DA:121,1
DA:122,4
DA:123,1
DA:124,1
DA:125,8
DA:126,1
DA:133,1
DA:137,3
DA:138,5
DA:139,1
DA:141,1
DA:146,1
DA:147,3
DA:148,1
DA:154,1
DA:158,3
DA:159,5
DA:160,1
DA:162,1
DA:167,1
DA:168,3
DA:169,1
DA:175,1
DA:179,3
DA:180,5
DA:181,1
DA:183,1
DA:188,1
DA:189,3
DA:190,1
DA:195,1
DA:199,1
DA:201,1
DA:203,1
DA:206,1
DA:207,3
DA:208,4
DA:209,4
DA:210,3
DA:211,4
DA:212,4
DA:213,3
DA:214,4
DA:215,4
DA:216,3
DA:217,4
DA:218,4
DA:223,3
DA:224,5
DA:225,1
DA:226,1
DA:228,1
DA:233,1
DA:234,4
DA:235,1
DA:243,5
DA:244,1
DA:245,1
DA:247,1
DA:253,1
DA:254,1
DA:269,1
DA:270,1
DA:271,1
DA:272,1
DA:273,1
DA:274,1
DA:279,0
DA:280,0
DA:281,0
DA:282,0
DA:284,0
DA:289,0
DA:291,0
DA:295,0
DA:296,0
DA:297,0
DA:298,0
DA:299,0
DA:300,0
DA:301,0
DA:303,0
DA:305,0
DA:306,0
DA:308,0
DA:309,0
DA:310,0
DA:311,0
DA:316,0
DA:317,0
DA:318,0
DA:322,0
DA:323,0
DA:325,0
DA:326,0
DA:327,0
DA:334,1
DA:335,7
DA:337,1
DA:338,1
DA:341,1
DA:342,1
DA:343,1
DA:344,1
DA:346,1
DA:348,1
DA:349,1
DA:350,1
DA:351,2
DA:359,1
DA:360,1
DA:363,1
DA:364,1
DA:365,1
DA:366,1
DA:368,1
DA:370,2
DA:373,1
DA:374,3
DA:376,1
DA:380,0
DA:381,0
DA:383,0
DA:384,0
DA:385,0
DA:387,0
DA:388,0
DA:393,1
DA:394,2
DA:397,1
DA:398,1
DA:400,1
DA:401,1
DA:402,1
DA:403,1
DA:405,1
DA:419,1
DA:420,1
DA:421,1
DA:422,1
DA:423,1
DA:424,1
DA:426,1
DA:427,1
DA:428,1
DA:433,1
DA:435,1
DA:438,2
DA:439,4
DA:445,1
DA:447,1
DA:448,1
DA:450,1
DA:452,1
DA:455,0
DA:459,1
DA:460,1
DA:461,1
DA:463,2
DA:464,1
DA:465,1
LF:216
LH:171
end_of_record
SF:lib/pages/admin_dashboard.dart
DA:34,0
DA:36,0
DA:37,0
DA:38,0
DA:40,0
DA:43,0
DA:45,0
DA:46,0
DA:47,0
DA:49,0
DA:52,0
DA:54,0
DA:55,0
DA:56,0
DA:58,0
DA:61,0
DA:63,0
DA:64,0
DA:65,0
DA:67,0
DA:70,0
DA:72,0
DA:73,0
DA:74,0
DA:76,0
DA:79,0
DA:81,0
DA:82,0
DA:83,0
DA:87,1
DA:89,2
DA:92,0
DA:94,0
DA:97,1
DA:99,2
DA:102,1
DA:104,2
DA:107,0
DA:113,0
DA:118,0
DA:119,0
DA:121,0
DA:128,2
DA:129,1
DA:131,2
DA:132,2
DA:167,2
DA:169,2
DA:170,2
DA:171,2
DA:174,2
DA:176,6
DA:178,2
DA:181,1
DA:184,2
DA:186,8
DA:187,2
DA:188,4
DA:191,1
DA:192,1
DA:193,1
DA:194,3
DA:199,2
DA:200,2
DA:201,2
DA:202,2
DA:203,2
DA:204,6
DA:205,2
DA:206,2
DA:207,2
DA:209,2
DA:210,2
DA:211,2
DA:214,1
DA:215,2
DA:216,1
DA:218,1
DA:220,2
DA:225,1
DA:226,1
DA:228,3
DA:231,3
DA:233,0
DA:237,1
DA:238,1
DA:239,5
DA:241,1
DA:242,4
DA:244,1
DA:245,4
DA:249,2
DA:251,2
DA:252,2
DA:253,2
DA:254,1
DA:257,2
DA:259,4
DA:263,2
DA:265,2
DA:267,2
DA:269,4
DA:270,2
DA:271,2
DA:272,2
DA:273,2
DA:277,2
DA:278,2
DA:280,2
DA:281,2
DA:282,2
DA:283,2
DA:284,2
DA:285,2
DA:286,2
DA:287,2
DA:288,2
DA:294,6
DA:297,4
DA:298,1
DA:299,1
DA:300,1
DA:301,1
DA:302,1
DA:304,3
DA:305,3
DA:306,1
DA:310,1
DA:312,1
DA:316,2
DA:318,2
DA:319,2
DA:320,2
DA:325,4
DA:327,2
DA:328,2
DA:329,2
DA:330,2
DA:336,2
DA:337,2
DA:338,2
DA:339,2
DA:340,8
DA:341,2
DA:342,1
DA:343,3
DA:344,2
DA:345,1
DA:347,4
DA:352,2
DA:353,2
DA:354,2
DA:355,2
DA:356,1
DA:357,1
DA:358,1
DA:359,1
DA:361,0
DA:365,2
DA:366,4
DA:367,2
DA:368,2
DA:369,4
DA:370,2
DA:375,1
DA:376,1
DA:377,1
DA:378,2
DA:380,2
DA:381,1
DA:382,1
DA:383,1
DA:385,3
DA:386,1
DA:387,1
DA:388,1
DA:389,3
DA:394,2
DA:397,1
DA:398,1
DA:405,1
DA:408,1
DA:409,1
DA:411,1
DA:412,3
DA:413,1
DA:418,1
DA:420,1
DA:421,1
DA:422,1
DA:423,4
DA:424,2
DA:426,1
DA:427,4
DA:428,1
DA:430,3
DA:433,1
DA:434,7
DA:435,2
DA:437,4
DA:438,1
DA:439,4
DA:440,2
DA:442,4
DA:443,1
DA:444,4
DA:445,2
DA:447,1
DA:450,1
DA:452,1
DA:454,1
DA:455,1
DA:456,2
DA:457,4
DA:459,1
DA:460,1
DA:461,5
DA:472,1
DA:473,2
DA:474,1
DA:475,1
DA:477,1
DA:482,1
DA:483,1
DA:484,1
DA:485,2
DA:486,1
DA:487,2
DA:489,1
DA:490,1
DA:491,1
DA:492,1
DA:493,1
DA:494,2
DA:495,1
DA:500,1
DA:502,1
DA:503,1
DA:504,1
DA:505,2
DA:506,2
DA:508,1
DA:509,2
DA:510,1
DA:511,2
DA:515,1
DA:526,0
DA:527,0
DA:528,0
DA:530,0
DA:532,0
DA:540,0
DA:541,0
DA:544,1
DA:545,1
DA:546,1
DA:548,0
DA:550,0
DA:557,1
DA:558,2
DA:559,1
DA:560,1
DA:562,1
DA:567,1
DA:568,1
DA:569,1
DA:570,2
DA:572,2
DA:573,1
DA:574,1
DA:575,1
DA:576,1
DA:577,3
DA:578,1
DA:583,1
DA:584,3
DA:585,2
DA:587,1
DA:588,2
DA:589,4
DA:597,1
DA:598,1
DA:601,1
DA:604,2
DA:605,1
DA:606,1
DA:608,2
DA:609,2
DA:613,2
DA:614,2
DA:615,2
DA:617,4
DA:618,2
DA:621,1
DA:624,1
DA:627,1
DA:628,1
DA:629,1
DA:630,1
DA:631,1
DA:632,1
DA:633,1
DA:634,1
DA:636,1
DA:638,1
DA:639,1
DA:642,1
DA:644,1
DA:646,1
DA:648,1
DA:649,1
DA:650,0
DA:651,0
DA:658,0
DA:662,0
DA:663,0
DA:666,0
DA:667,0
DA:671,1
DA:674,1
DA:675,1
DA:676,1
DA:677,1
DA:678,1
DA:684,0
DA:685,0
DA:686,0
DA:692,0
DA:693,0
DA:694,0
DA:698,0
DA:701,0
DA:702,0
DA:707,0
DA:708,0
DA:710,0
DA:719,1
DA:721,1
DA:722,1
DA:727,1
DA:728,1
DA:730,1
DA:740,0
DA:741,0
DA:742,0
DA:748,0
DA:750,0
DA:754,1
DA:755,1
DA:760,1
DA:761,1
DA:764,1
DA:768,0
DA:769,0
DA:773,1
DA:777,0
DA:781,1
DA:785,0
DA:786,0
DA:789,0
DA:795,1
DA:798,1
DA:799,0
DA:800,0
DA:804,1
DA:808,0
DA:813,1
DA:814,1
DA:815,1
DA:817,1
DA:819,2
DA:821,1
DA:825,1
DA:827,3
DA:828,0
DA:833,2
DA:835,1
DA:836,1
DA:837,2
DA:838,2
DA:839,2
DA:840,2
DA:841,1
DA:852,2
DA:853,1
DA:858,0
DA:859,0
DA:860,0
DA:867,0
DA:868,0
DA:869,0
DA:875,3
DA:876,1
DA:883,0
DA:884,0
DA:885,0
DA:892,0
DA:893,0
DA:894,0
DA:899,0
DA:901,2
DA:902,2
DA:903,2
DA:904,2
DA:905,2
DA:906,0
DA:907,0
DA:910,2
DA:915,0
DA:918,0
DA:920,0
DA:923,1
DA:925,2
DA:933,2
DA:934,1
DA:935,0
DA:940,1
DA:946,1
DA:947,1
DA:948,1
DA:950,1
DA:951,2
DA:952,1
DA:953,1
DA:957,1
DA:958,1
DA:960,1
DA:961,1
DA:962,1
DA:965,1
DA:973,1
DA:980,1
DA:981,0
DA:982,0
DA:984,0
DA:987,1
DA:988,1
DA:989,1
DA:991,1
DA:992,2
DA:993,1
DA:994,1
DA:995,1
DA:996,1
DA:997,1
DA:998,1
DA:1000,1
DA:1004,2
DA:1005,1
DA:1007,1
DA:1009,1
DA:1012,1
DA:1013,1
DA:1014,1
DA:1018,1
DA:1026,1
DA:1027,1
DA:1028,0
DA:1032,3
DA:1034,1
DA:1035,1
DA:1036,4
DA:1037,1
DA:1038,1
DA:1039,1
DA:1040,1
DA:1041,3
DA:1042,4
DA:1043,1
DA:1045,4
DA:1046,1
DA:1048,4
DA:1049,1
DA:1052,1
DA:1054,1
DA:1055,4
DA:1056,1
DA:1057,1
DA:1058,1
DA:1059,1
DA:1060,3
DA:1061,1
DA:1063,4
DA:1065,1
DA:1069,0
DA:1070,0
DA:1071,0
DA:1072,0
DA:1073,0
DA:1076,0
DA:1078,4
DA:1082,2
DA:1084,6
DA:1085,2
DA:1086,6
DA:1087,6
DA:1088,2
DA:1092,0
DA:1094,0
DA:1095,0
DA:1096,0
DA:1097,0
DA:1103,1
DA:1104,1
DA:1105,1
DA:1107,2
DA:1108,1
DA:1109,1
DA:1110,1
DA:1111,1
DA:1112,1
DA:1113,2
DA:1115,1
DA:1117,1
DA:1118,1
DA:1119,1
DA:1121,3
DA:1122,1
DA:1124,2
DA:1125,2
DA:1126,2
DA:1127,2
DA:1128,1
DA:1131,2
DA:1140,1
DA:1141,1
DA:1142,1
DA:1144,2
DA:1145,1
DA:1146,2
DA:1147,1
DA:1150,1
DA:1151,1
DA:1152,2
DA:1153,1
DA:1155,1
DA:1156,1
DA:1157,2
DA:1158,1
DA:1160,1
DA:1161,1
DA:1162,2
DA:1163,1
DA:1167,1
DA:1168,1
DA:1169,1
DA:1171,2
DA:1173,2
DA:1180,1
DA:1181,1
DA:1183,1
DA:1184,1
DA:1186,2
DA:1187,1
DA:1188,1
DA:1189,1
DA:1190,1
DA:1191,1
DA:1192,2
DA:1199,2
DA:1201,4
DA:1202,2
DA:1208,1
DA:1224,1
DA:1225,1
DA:1226,0
DA:1227,1
DA:1228,0
DA:1229,1
DA:1230,0
DA:1231,1
DA:1232,1
DA:1233,1
DA:1234,1
DA:1235,1
DA:1236,1
DA:1237,1
DA:1238,1
LF:578
LH:460
end_of_record
SF:lib/services/admin_service.dart
DA:32,1
DA:35,0
DA:37,0
DA:40,1
DA:46,4
DA:49,0
DA:55,0
DA:58,0
DA:60,0
DA:63,0
DA:65,0
DA:80,0
DA:82,0
DA:83,0
DA:86,1
DA:88,1
DA:89,1
DA:92,1
DA:94,1
DA:95,1
DA:106,2
DA:113,1
DA:114,1
DA:117,2
DA:118,2
DA:125,2
DA:126,0
DA:162,1
DA:163,1
DA:168,0
DA:174,0
DA:186,2
DA:191,1
DA:192,1
DA:197,0
DA:198,0
DA:202,2
DA:203,2
DA:204,0
DA:210,2
DA:216,4
DA:217,4
DA:219,4
DA:220,6
DA:221,2
DA:222,4
DA:225,4
DA:226,2
DA:229,2
DA:230,1
DA:234,1
DA:236,1
DA:238,1
DA:242,2
DA:243,1
DA:244,2
DA:247,2
DA:249,2
DA:250,2
DA:251,2
DA:255,2
DA:262,4
DA:264,2
DA:265,1
DA:268,4
DA:269,6
DA:270,2
DA:271,4
DA:278,8
DA:279,2
DA:282,2
DA:283,1
DA:290,1
DA:292,0
DA:294,0
DA:298,2
DA:299,2
DA:302,2
DA:304,0
DA:305,0
DA:306,0
DA:310,2
DA:312,4
DA:313,2
DA:316,2
DA:319,4
DA:320,1
DA:325,2
DA:326,3
DA:327,1
DA:330,2
DA:332,2
DA:337,1
DA:339,1
DA:341,1
DA:347,2
DA:350,4
DA:351,1
DA:359,1
DA:362,2
DA:363,3
DA:364,1
DA:367,3
DA:369,2
DA:370,2
DA:371,1
DA:372,2
DA:375,1
DA:376,4
DA:377,2
DA:380,0
DA:382,2
DA:383,2
DA:387,1
DA:389,2
DA:390,3
DA:391,1
DA:394,2
DA:395,1
DA:396,3
DA:397,1
DA:401,1
DA:403,0
DA:409,1
DA:412,2
DA:413,3
DA:414,1
DA:417,2
DA:418,2
DA:419,1
DA:420,2
DA:423,1
DA:424,1
DA:426,2
DA:427,2
DA:429,2
DA:430,4
DA:431,1
DA:434,2
DA:435,2
DA:436,2
DA:438,1
DA:441,0
DA:445,2
DA:448,2
DA:451,0
DA:453,0
DA:454,0
DA:458,1
DA:460,2
DA:461,3
DA:462,1
DA:465,2
DA:466,0
DA:467,0
DA:468,0
DA:472,1
DA:474,0
DA:480,1
DA:483,2
DA:485,1
DA:486,1
DA:487,2
DA:488,1
DA:490,2
DA:492,1
DA:495,2
DA:496,2
DA:497,1
DA:498,2
DA:501,1
DA:502,4
DA:503,2
DA:506,1
DA:508,2
DA:509,2
DA:513,1
DA:515,2
DA:516,3
DA:517,1
DA:520,2
DA:521,1
DA:522,3
DA:523,1
DA:527,1
DA:529,0
DA:533,1
DA:536,1
DA:538,2
DA:539,3
DA:541,2
DA:542,1
DA:543,1
DA:544,1
DA:545,1
DA:547,1
DA:548,1
DA:549,1
DA:550,1
DA:551,1
DA:555,4
DA:556,2
DA:557,1
DA:558,1
DA:560,1
DA:561,2
DA:562,1
DA:567,2
DA:568,1
DA:570,1
DA:574,0
DA:576,0
DA:577,0
DA:581,1
DA:584,2
DA:585,1
DA:586,1
DA:591,1
DA:593,1
DA:597,2
DA:598,3
DA:600,2
DA:601,1
DA:602,1
DA:603,1
DA:604,1
DA:605,1
DA:606,1
DA:607,1
DA:608,1
DA:609,1
DA:610,1
DA:614,2
DA:615,2
DA:616,1
DA:617,1
DA:619,1
DA:620,2
DA:621,1
DA:625,2
DA:626,1
DA:627,1
DA:629,1
DA:633,2
DA:634,1
DA:636,1
DA:640,0
DA:642,0
DA:643,0
DA:647,1
DA:650,2
DA:651,3
DA:652,1
DA:655,4
DA:656,2
DA:659,2
DA:660,1
DA:661,1
DA:663,1
DA:667,2
DA:668,1
DA:670,1
DA:674,1
DA:676,0
DA:680,1
DA:687,2
DA:689,1
DA:693,3
DA:696,1
DA:699,3
DA:702,2
DA:703,1
DA:707,1
DA:712,2
DA:713,1
DA:715,2
DA:716,2
DA:717,1
DA:718,1
DA:719,1
DA:722,1
DA:723,3
DA:724,1
DA:728,0
DA:729,0
DA:735,1
DA:736,2
DA:737,1
DA:738,1
DA:741,1
DA:743,1
DA:748,2
DA:750,4
DA:752,1
DA:753,2
DA:755,2
DA:756,4
DA:757,2
DA:762,2
DA:764,2
DA:766,1
DA:768,1
DA:770,1
DA:772,1
DA:775,1
DA:780,1
DA:781,3
DA:783,1
DA:784,1
DA:785,1
DA:786,1
DA:787,1
DA:788,1
DA:789,1
DA:791,1
LF:315
LH:273
end_of_record
SF:lib/pages/login_page.dart
DA:9,3
DA:11,2
DA:12,2
DA:22,2
DA:24,4
DA:25,4
DA:26,4
DA:27,2
DA:30,2
DA:32,2
DA:34,2
DA:35,2
DA:36,2
DA:37,2
DA:38,2
DA:40,2
DA:42,2
DA:45,2
DA:46,2
DA:50,2
DA:53,0
DA:54,0
DA:56,0
DA:57,0
DA:58,0
DA:59,0
DA:61,0
DA:64,0
DA:70,2
DA:71,2
DA:73,2
DA:79,2
DA:80,2
DA:82,2
DA:84,2
DA:87,2
DA:88,1
DA:89,1
DA:93,2
DA:94,2
DA:99,2
DA:100,2
DA:106,2
DA:109,2
DA:112,2
DA:113,2
DA:114,2
DA:115,4
DA:117,2
DA:118,0
DA:119,2
DA:120,2
DA:121,2
DA:129,2
DA:132,2
DA:134,2
DA:136,1
DA:137,2
DA:138,2
DA:140,2
DA:141,2
DA:142,2
DA:145,2
DA:146,2
DA:149,2
DA:150,4
DA:162,2
DA:169,2
DA:170,2
DA:171,2
DA:172,2
DA:173,2
DA:175,2
DA:179,2
DA:180,2
DA:181,2
DA:183,2
DA:184,2
DA:186,2
DA:192,1
DA:193,6
DA:194,1
DA:198,4
DA:199,1
DA:203,3
DA:206,4
DA:207,2
DA:210,1
DA:211,1
DA:212,1
DA:214,1
DA:215,3
DA:219,1
DA:222,1
DA:223,1
DA:227,1
DA:228,1
DA:229,3
DA:233,1
DA:234,1
DA:235,3
DA:240,1
DA:244,0
DA:245,0
DA:246,0
DA:250,2
DA:251,1
DA:252,3
DA:255,1
DA:256,3
DA:261,1
DA:263,1
DA:264,1
DA:268,1
DA:271,1
DA:272,1
DA:275,1
DA:278,1
DA:279,1
DA:282,1
DA:283,1
DA:286,1
DA:290,1
DA:293,1
DA:294,1
DA:296,1
DA:297,1
DA:299,2
DA:300,1
DA:301,1
DA:302,1
DA:303,1
DA:305,1
DA:306,1
DA:307,1
DA:308,2
LF:136
LH:124
end_of_record
SF:lib/pages/home_page.dart
DA:16,1
DA:22,1
DA:23,1
DA:47,1
DA:49,1
DA:50,1
DA:54,1
DA:56,3
DA:57,4
DA:58,4
DA:60,1
DA:61,2
DA:64,3
DA:66,1
DA:67,2
DA:68,1
DA:69,1
DA:70,1
DA:72,1
DA:75,2
DA:76,1
DA:77,3
DA:78,1
DA:80,2
DA:86,1
DA:87,2
DA:88,1
DA:89,3
DA:91,2
DA:94,1
DA:95,1
DA:96,3
DA:97,0
DA:98,0
DA:105,1
DA:106,4
DA:111,1
DA:112,0
DA:117,1
DA:118,0
DA:123,1
DA:127,1
DA:129,1
DA:130,1
DA:131,1
DA:133,1
DA:136,1
DA:137,1
DA:138,1
DA:140,1
DA:141,1
DA:142,1
DA:143,1
DA:144,1
DA:146,0
DA:147,1
DA:149,1
DA:150,1
DA:151,1
DA:152,2
DA:153,1
DA:160,1
DA:162,1
DA:163,1
DA:165,1
DA:169,1
DA:170,1
DA:172,1
DA:173,1
DA:175,1
DA:185,1
DA:186,1
DA:187,1
DA:188,1
DA:189,1
DA:190,1
DA:191,1
DA:192,1
DA:194,1
DA:198,1
DA:199,1
DA:200,1
DA:201,1
DA:202,1
DA:205,1
DA:209,1
DA:213,1
DA:218,1
DA:220,1
DA:221,1
DA:222,2
DA:223,2
DA:224,1
DA:227,1
DA:228,1
DA:232,1
DA:233,1
DA:234,1
DA:235,1
DA:237,1
DA:238,2
DA:239,1
DA:242,1
DA:244,1
DA:245,1
DA:246,1
DA:250,1
DA:251,1
DA:255,1
DA:256,1
DA:258,1
DA:260,1
DA:274,1
DA:277,1
DA:280,2
DA:290,1
DA:291,1
DA:293,1
DA:295,1
DA:296,1
DA:298,1
DA:300,1
DA:301,1
DA:302,2
DA:303,0
DA:304,0
DA:305,0
DA:306,0
DA:308,0
DA:310,1
DA:311,2
DA:312,0
DA:313,0
DA:314,0
DA:315,0
DA:317,0
DA:319,1
DA:320,3
DA:321,1
DA:322,1
DA:323,1
DA:324,2
DA:326,1
DA:330,1
DA:332,1
DA:334,1
DA:336,4
DA:337,1
DA:338,1
DA:339,2
DA:342,0
DA:343,0
DA:344,0
DA:345,0
DA:347,0
DA:350,1
DA:353,1
DA:355,1
DA:356,0
DA:357,0
DA:359,0
DA:361,0
DA:364,0
DA:365,0
DA:366,0
DA:368,0
DA:369,0
DA:370,0
DA:371,0
DA:372,0
DA:373,0
DA:377,0
DA:381,0
DA:390,1
DA:391,1
DA:392,2
DA:395,2
DA:396,1
DA:397,1
DA:399,1
DA:404,1
DA:405,1
DA:406,2
DA:407,4
DA:411,1
DA:412,1
DA:413,0
DA:414,0
DA:415,0
DA:416,0
DA:419,1
DA:420,1
DA:421,1
DA:422,1
DA:423,1
DA:424,1
DA:426,1
DA:427,2
DA:428,0
DA:432,1
DA:433,1
DA:434,1
DA:436,1
DA:437,1
DA:438,1
DA:439,1
DA:440,1
DA:441,1
DA:442,1
DA:449,1
DA:450,1
DA:451,1
DA:453,1
DA:454,1
DA:455,0
DA:456,1
DA:458,1
DA:459,1
DA:460,1
DA:469,1
DA:470,1
DA:471,1
DA:472,1
DA:473,1
DA:475,1
DA:476,1
DA:477,2
DA:478,1
DA:480,1
DA:481,1
DA:482,1
DA:483,1
DA:484,1
DA:485,1
DA:488,1
DA:489,1
DA:490,1
DA:491,2
DA:492,2
DA:493,2
DA:494,3
DA:497,1
DA:498,1
DA:499,1
DA:500,1
DA:501,1
DA:503,1
DA:504,0
DA:505,0
DA:506,1
DA:507,1
DA:510,2
DA:512,1
DA:513,1
DA:514,1
DA:515,1
DA:516,1
DA:517,1
DA:520,2
DA:522,1
DA:526,1
DA:528,1
DA:546,1
DA:547,0
DA:548,1
DA:549,1
DA:550,1
DA:551,1
DA:552,1
DA:553,1
DA:555,1
DA:556,1
DA:557,1
DA:563,1
DA:568,1
DA:569,1
DA:570,1
DA:572,2
DA:573,1
DA:574,1
DA:576,1
DA:580,1
DA:581,1
DA:582,1
DA:583,2
DA:589,1
DA:590,1
DA:591,1
DA:593,2
DA:594,1
DA:595,1
DA:596,1
DA:597,1
DA:598,1
DA:599,0
DA:606,0
DA:607,0
DA:608,0
DA:609,0
DA:613,0
DA:614,0
DA:615,0
DA:616,0
DA:618,0
DA:619,0
DA:620,0
DA:622,0
LF:307
LH:250
end_of_record
SF:lib/pages/my_rentals_page.dart
DA:17,0
DA:18,0
DA:20,0
DA:21,0
DA:23,0
DA:24,0
DA:26,0
DA:28,0
DA:34,1
DA:36,1
DA:37,1
DA:46,3
DA:48,1
DA:50,1
DA:51,1
DA:55,1
DA:57,3
DA:58,2
DA:59,2
DA:61,1
DA:62,2
DA:63,1
DA:64,1
DA:65,1
DA:67,1
DA:70,2
DA:71,1
DA:72,3
DA:73,1
DA:75,2
DA:82,1
DA:83,1
DA:85,1
DA:86,1
DA:87,2
DA:88,1
DA:89,1
DA:90,1
DA:91,1
DA:93,0
DA:101,1
DA:102,1
DA:104,1
DA:105,1
DA:106,2
DA:108,1
DA:109,3
DA:111,1
DA:112,1
DA:114,2
DA:116,1
DA:119,1
DA:120,1
DA:122,3
DA:123,1
DA:124,1
DA:125,1
DA:128,1
DA:129,1
DA:131,2
DA:143,0
DA:144,0
DA:146,0
DA:147,0
DA:148,0
DA:150,0
DA:151,0
DA:152,0
DA:162,1
DA:163,1
DA:165,1
DA:166,1
DA:167,2
DA:169,1
DA:171,1
DA:173,3
DA:177,1
DA:178,4
DA:182,1
DA:183,1
DA:185,2
DA:187,1
DA:189,1
DA:190,1
DA:192,2
DA:193,2
DA:194,1
DA:198,1
DA:199,1
DA:203,1
DA:206,1
DA:207,1
DA:209,2
DA:221,1
DA:222,1
DA:223,4
DA:224,2
DA:225,5
DA:227,4
DA:228,2
DA:229,5
DA:234,1
DA:235,8
DA:239,1
DA:240,1
DA:243,1
DA:245,1
DA:247,1
DA:256,1
DA:257,1
DA:260,1
DA:262,1
DA:264,1
DA:266,1
DA:267,1
DA:268,2
DA:276,1
DA:277,2
DA:278,1
DA:279,2
DA:282,1
DA:283,3
DA:287,1
DA:288,1
DA:289,1
DA:290,1
DA:294,2
DA:298,1
DA:299,1
DA:303,2
DA:314,1
DA:315,1
DA:318,1
DA:320,1
DA:322,1
DA:324,1
DA:325,1
DA:326,2
DA:334,1
DA:335,3
DA:338,1
DA:339,4
DA:343,1
DA:345,1
DA:349,0
DA:358,0
DA:359,0
DA:360,0
DA:362,1
DA:364,1
DA:366,1
DA:374,1
DA:375,1
DA:377,1
DA:378,1
DA:379,1
DA:382,1
DA:384,1
DA:385,1
DA:386,3
DA:394,2
DA:395,1
DA:397,2
DA:398,2
DA:400,1
DA:401,1
DA:402,3
DA:409,1
DA:410,2
DA:411,1
DA:413,2
DA:414,2
LF:172
LH:151
end_of_record
SF:lib/widgets/rent_item_dialog.dart
DA:10,2
DA:12,2
DA:13,2
DA:20,2
DA:22,2
DA:24,2
DA:25,10
DA:26,2
DA:28,2
DA:30,6
DA:31,2
DA:32,8
DA:35,6
DA:36,2
DA:37,8
DA:40,2
DA:41,2
DA:42,2
DA:43,2
DA:44,2
DA:59,1
DA:60,3
DA:63,2
DA:64,2
DA:65,4
DA:73,2
DA:74,2
DA:76,2
DA:78,2
DA:79,4
DA:81,2
DA:92,2
DA:93,10
DA:96,2
DA:97,16
DA:100,1
DA:101,3
DA:104,1
DA:105,4
DA:107,1
DA:108,2
DA:109,3
DA:111,1
DA:112,1
DA:114,2
DA:116,1
DA:117,5
DA:119,1
DA:120,1
DA:122,2
DA:128,1
DA:129,1
DA:130,1
DA:132,2
DA:134,2
DA:135,1
DA:136,1
DA:138,2
DA:144,4
LF:59
LH:59
end_of_record
SF:lib/widgets/hover_button.dart
DA:10,1
DA:18,1
DA:19,1
DA:25,1
DA:27,1
DA:28,0
DA:29,0
DA:30,1
DA:31,2
DA:32,1
DA:33,1
DA:34,3
DA:35,1
DA:37,2
DA:38,2
LF:15
LH:13
end_of_record
SF:lib/pages/my_account_page.dart
DA:7,1
DA:9,1
DA:10,1
DA:19,1
DA:21,1
DA:22,3
DA:25,1
DA:27,2
DA:28,2
DA:29,2
DA:30,1
DA:33,1
DA:34,3
DA:36,1
DA:37,1
DA:41,2
DA:42,1
DA:46,3
DA:49,1
DA:51,0
DA:52,0
DA:53,0
DA:54,0
DA:56,0
DA:59,2
DA:60,1
DA:61,3
DA:63,2
DA:64,0
DA:65,0
DA:66,0
DA:71,3
DA:76,1
DA:77,2
DA:78,2
DA:80,2
DA:81,1
DA:85,2
DA:86,1
DA:93,3
DA:96,1
DA:97,0
DA:98,0
DA:99,0
DA:100,0
DA:103,0
DA:104,0
DA:107,0
DA:111,1
DA:112,3
DA:115,1
DA:116,0
DA:117,0
DA:118,0
DA:119,0
DA:123,0
DA:124,0
DA:127,0
DA:131,1
DA:132,1
DA:133,1
DA:134,1
DA:136,1
DA:137,2
DA:138,1
DA:139,1
DA:143,1
DA:144,2
DA:147,1
DA:149,2
DA:150,1
DA:151,1
DA:156,1
DA:157,1
DA:158,1
DA:163,1
DA:164,2
DA:168,1
DA:169,1
DA:170,2
DA:174,1
DA:176,1
DA:185,1
DA:186,1
DA:188,1
DA:189,1
DA:191,1
DA:197,1
DA:198,1
DA:203,1
DA:205,1
DA:207,1
DA:208,1
DA:210,1
DA:212,1
DA:213,1
DA:214,1
DA:215,1
DA:216,1
DA:218,2
DA:219,2
DA:221,1
DA:222,1
DA:224,1
DA:236,2
DA:243,1
DA:249,1
DA:250,1
DA:251,1
DA:252,1
DA:254,1
DA:257,1
DA:258,1
DA:260,1
DA:261,1
DA:263,1
DA:269,1
DA:275,1
DA:277,1
DA:278,1
DA:279,2
DA:280,1
DA:281,1
DA:283,1
DA:284,1
DA:285,1
DA:287,1
DA:288,1
DA:289,1
DA:290,1
DA:292,1
DA:294,1
DA:305,1
DA:306,1
DA:307,1
DA:309,2
DA:310,1
DA:311,1
DA:312,1
DA:313,1
DA:314,1
DA:315,2
LF:142
LH:120
end_of_record
SF:lib/widgets/create_review_dialog.dart
DA:20,1
DA:26,1
DA:33,1
DA:35,1
DA:37,2
DA:39,1
DA:40,1
DA:41,1
DA:43,2
DA:50,1
DA:52,1
DA:53,1
DA:62,1
DA:69,1
DA:70,1
DA:81,1
DA:83,1
DA:84,4
DA:87,1
DA:89,2
DA:90,1
DA:94,1
DA:96,2
DA:103,1
DA:105,1
DA:106,1
DA:110,1
DA:112,1
DA:113,2
DA:114,1
DA:120,1
DA:122,2
DA:124,0
DA:125,0
DA:130,1
DA:131,3
DA:134,3
DA:136,2
DA:137,3
DA:138,1
DA:142,1
DA:143,5
DA:146,1
DA:147,3
DA:148,4
DA:153,1
DA:155,1
DA:157,1
DA:159,1
DA:161,1
DA:162,4
DA:168,1
DA:170,2
DA:171,1
DA:172,2
DA:176,1
DA:177,2
DA:180,3
DA:187,1
DA:189,1
DA:191,1
DA:201,1
DA:202,1
DA:205,2
DA:207,1
DA:210,2
DA:211,1
LF:67
LH:65
end_of_record
